Name: CCTV-1, URL: http://otttv.bj.chinamobile.com/PLTV/88888888/224/3221226895/1.m3u8?GuardEncType=2&accountinfo=%7E%7EV2.0%7EI0Rkc6neBYgfpoJ1yud8Fw%7EtP4-l0lmSfjwLWEfK_el1vH_mv-s1zo4AQJwdedaVwG9xkuFTDg8J26cwOrNJzn20BErrHdLhuZ9EzLUCD3PMW-OMx4MGteHV2vLeW6BqoY%2CEND, IPv_Type: ipv4, Location: 中国-北京-北京, ISP: 移动, Date: None, Delay: -1 ms, Speed: 0.00 M/s, Resolution: None
Name: CCTV-1, URL: http://kkk.jjjj.jiduo.me/api.php?n=tttt&id=711a27&tk=6949f8ce7202, IPv_Type: ipv4, Location: 捷克, ISP: , Date: None, Delay: 162 ms, Speed: 0.20 M/s, Resolution: 1920x1080
Name: CCTV-2, URL: http://otttv.bj.chinamobile.com/PLTV/88888888/224/3221226893/1.m3u8?GuardEncType=2&accountinfo=%7E%7EV2.0%7EcnoJZd_sZxCC6bZYZh4R6g%7EtP4-l0lmSfjwLWEfK_el1vH_mv-s1zo4AQJwdedaVwG9xkuFTDg8J26cwOrNJzn20BErrHdLhuZ9EzLUCD3PMW-OMx4MGteHV2vLeW6BqoY%2CEND, IPv_Type: ipv4, Location: 中国-北京-北京, ISP: 移动, Date: None, Delay: -1 ms, Speed: 0.00 M/s, Resolution: None
Name: CCTV-4, URL: http://otttv.bj.chinamobile.com/PLTV/88888888/224/3221226335/1.m3u8?GuardEncType=2&accountinfo=%7E%7EV2.0%7EBFJ5gRpm8ntK8JEFPZOhLQ%7EtP4-l0lmSfjwLWEfK_el1vH_mv-s1zo4AQJwdedaVwG9xkuFTDg8J26cwOrNJzn20BErrHdLhuZ9EzLUCD3PMW-OMx4MGteHV2vLeW6BqoY%2CEND, IPv_Type: ipv4, Location: 中国-北京-北京, ISP: 移动, Date: None, Delay: -1 ms, Speed: 0.00 M/s, Resolution: None
Name: CCTV-5+, URL: http://otttv.bj.chinamobile.com/PLTV/88888888/224/3221226894/1.m3u8?GuardEncType=2&accountinfo=%7E%7EV2.0%7EevWZ0zmguDsOY_Mf3SM5TA%7EtP4-l0lmSfjwLWEfK_el1vH_mv-s1zo4AQJwdedaVwG9xkuFTDg8J26cwOrNJzn20BErrHdLhuZ9EzLUCD3PMW-OMx4MGteHV2vLeW6BqoY%2CEND, IPv_Type: ipv4, Location: 中国-北京-北京, ISP: 移动, Date: None, Delay: -1 ms, Speed: 0.00 M/s, Resolution: None
Name: CCTV-7, URL: http://otttv.bj.chinamobile.com/PLTV/88888888/224/3221226946/1.m3u8?GuardEncType=2&accountinfo=%7E%7EV2.0%7E2bEV_zkW1hRnWmsZq6rlbw%7EtP4-l0lmSfjwLWEfK_el1vH_mv-s1zo4AQJwdedaVwG9xkuFTDg8J26cwOrNJzn20BErrHdLhuZ9EzLUCD3PMW-OMx4MGteHV2vLeW6BqoY%2CEND, IPv_Type: ipv4, Location: 中国-北京-北京, ISP: 移动, Date: None, Delay: -1 ms, Speed: 0.00 M/s, Resolution: None
Name: CCTV-9, URL: http://otttv.bj.chinamobile.com/PLTV/88888888/224/3221226944/1.m3u8?GuardEncType=2&accountinfo=%7E%7EV2.0%7EgdZMBjOTdDWVEgovFkZoew%7EtP4-l0lmSfjwLWEfK_el1vH_mv-s1zo4AQJwdedaVwG9xkuFTDg8J26cwOrNJzn20BErrHdLhuZ9EzLUCD3PMW-OMx4MGteHV2vLeW6BqoY%2CEND, IPv_Type: ipv4, Location: 中国-北京-北京, ISP: 移动, Date: None, Delay: -1 ms, Speed: 0.00 M/s, Resolution: None
Name: CCTV-10, URL: http://otttv.bj.chinamobile.com/PLTV/88888888/224/3221226937/1.m3u8?GuardEncType=2&accountinfo=%7E%7EV2.0%7Egbbk6OxyTS2utbJWm7Qw1w%7EtP4-l0lmSfjwLWEfK_el1vH_mv-s1zo4AQJwdedaVwG9xkuFTDg8J26cwOrNJzn20BErrHdLhuZ9EzLUCD3PMW-OMx4MGteHV2vLeW6BqoY%2CEND, IPv_Type: ipv4, Location: 中国-北京-北京, ISP: 移动, Date: None, Delay: -1 ms, Speed: 0.00 M/s, Resolution: None
Name: CCTV-11, URL: http://otttv.bj.chinamobile.com/PLTV/88888888/224/3221226334/1.m3u8?GuardEncType=2&accountinfo=%7E%7EV2.0%7E0RcQQbNseiHvFO8XWf466A%7EtP4-l0lmSfjwLWEfK_el1vH_mv-s1zo4AQJwdedaVwG9xkuFTDg8J26cwOrNJzn20BErrHdLhuZ9EzLUCD3PMW-OMx4MGteHV2vLeW6BqoY%2CEND, IPv_Type: ipv4, Location: 中国-北京-北京, ISP: 移动, Date: None, Delay: -1 ms, Speed: 0.00 M/s, Resolution: None
Name: CCTV-12, URL: http://otttv.bj.chinamobile.com/PLTV/88888888/224/3221226942/1.m3u8?GuardEncType=2&accountinfo=%7E%7EV2.0%7E9nVa4WyKpuJgFy6Zh4TplQ%7EtP4-l0lmSfjwLWEfK_el1vH_mv-s1zo4AQJwdedaVwG9xkuFTDg8J26cwOrNJzn20BErrHdLhuZ9EzLUCD3PMW-OMx4MGteHV2vLeW6BqoY%2CEND, IPv_Type: ipv4, Location: 中国-北京-北京, ISP: 移动, Date: None, Delay: -1 ms, Speed: 0.00 M/s, Resolution: None
Name: CCTV-13, URL: http://otttv.bj.chinamobile.com/PLTV/88888888/224/3221226316/1.m3u8?GuardEncType=2&accountinfo=%7E%7EV2.0%7EqHPe9pEEWJ00hz1ArnRZVA%7EtP4-l0lmSfjwLWEfK_el1vH_mv-s1zo4AQJwdedaVwG9xkuFTDg8J26cwOrNJzn20BErrHdLhuZ9EzLUCD3PMW-OMx4MGteHV2vLeW6BqoY%2CEND, IPv_Type: ipv4, Location: 中国-北京-北京, ISP: 移动, Date: None, Delay: -1 ms, Speed: 0.00 M/s, Resolution: None
Name: CCTV-14, URL: http://otttv.bj.chinamobile.com/PLTV/88888888/224/3221226947/1.m3u8?GuardEncType=2&accountinfo=%7E%7EV2.0%7EgtTqPYLE5COifF-qvYi2Ig%7EtP4-l0lmSfjwLWEfK_el1vH_mv-s1zo4AQJwdedaVwG9xkuFTDg8J26cwOrNJzn20BErrHdLhuZ9EzLUCD3PMW-OMx4MGteHV2vLeW6BqoY%2CEND, IPv_Type: ipv4, Location: 中国-北京-北京, ISP: 移动, Date: None, Delay: -1 ms, Speed: 0.00 M/s, Resolution: None
Name: CCTV-14, URL: http://kkk.jjjj.jiduo.me/api.php?n=tttt&id=6da20f&tk=6949f8ce7202, IPv_Type: ipv4, Location: 捷克, ISP: , Date: None, Delay: 134 ms, Speed: 0.96 M/s, Resolution: None
Name: CCTV-15, URL: http://otttv.bj.chinamobile.com/PLTV/88888888/224/3221226333/1.m3u8?GuardEncType=2&accountinfo=%7E%7EV2.0%7EWyklhmFh7oMx-lG1tNUcSQ%7EtP4-l0lmSfjwLWEfK_el1vH_mv-s1zo4AQJwdedaVwG9xkuFTDg8J26cwOrNJzn20BErrHdLhuZ9EzLUCD3PMW-OMx4MGteHV2vLeW6BqoY%2CEND, IPv_Type: ipv4, Location: 中国-北京-北京, ISP: 移动, Date: None, Delay: -1 ms, Speed: 0.00 M/s, Resolution: None
Name: CCTV-16, URL: http://otttv.bj.chinamobile.com/PLTV/88888888/224/3221227002/1.m3u8?GuardEncType=2&accountinfo=%7E%7EV2.0%7EX9goLRw26BM_r54des2PAw%7EtP4-l0lmSfjwLWEfK_el1vH_mv-s1zo4AQJwdedaVwG9xkuFTDg8J26cwOrNJzn20BErrHdLhuZ9EzLUCD3PMW-OMx4MGteHV2vLeW6BqoY%2CEND, IPv_Type: ipv4, Location: 中国-北京-北京, ISP: 移动, Date: None, Delay: -1 ms, Speed: 0.00 M/s, Resolution: None
Name: CCTV-17, URL: http://otttv.bj.chinamobile.com/PLTV/88888888/224/3221226318/1.m3u8?GuardEncType=2&accountinfo=%7E%7EV2.0%7EEkwQnoHNXRDb-IayWakK1A%7EtP4-l0lmSfjwLWEfK_el1vH_mv-s1zo4AQJwdedaVwG9xkuFTDg8J26cwOrNJzn20BErrHdLhuZ9EzLUCD3PMW-OMx4MGteHV2vLeW6BqoY%2CEND, IPv_Type: ipv4, Location: 中国-北京-北京, ISP: 移动, Date: None, Delay: -1 ms, Speed: 0.00 M/s, Resolution: None
Name: 广东卫视, URL: http://otttv.bj.chinamobile.com/PLTV/88888888/224/3221226961/1.m3u8?GuardEncType=2&accountinfo=%7E%7EV2.0%7E2MGyx659D_aaDPP0qt3NgA%7EtP4-l0lmSfjwLWEfK_el1vH_mv-s1zo4AQJwdedaVwG9xkuFTDg8J26cwOrNJzn20BErrHdLhuZ9EzLUCD3PMW-OMx4MGteHV2vLeW6BqoY%2CEND, IPv_Type: ipv4, Location: 中国-北京-北京, ISP: 移动, Date: None, Delay: -1 ms, Speed: 0.00 M/s, Resolution: None
Name: 香港卫视, URL: rtmp://zhibo.hkstv.tv/livestream/mutfysrq, IPv_Type: ipv4, Location: 中国-福建-厦门, ISP: 移动, Date: None, Delay: -1 ms, Speed: 0.00 M/s, Resolution: None
Name: 香港卫视, URL: https://zhibo.hkstv.tv/livestream/mutfysrq/playlist.m3u8, IPv_Type: ipv4, Location: 中国-福建-厦门, ISP: 移动, Date: None, Delay: -1 ms, Speed: 0.00 M/s, Resolution: None
Name: 香港卫视, URL: http://zhibo.hkstv.tv/livestream/mutfysrq.flv, IPv_Type: ipv4, Location: 中国-福建-厦门, ISP: 移动, Date: None, Delay: -1 ms, Speed: 0.00 M/s, Resolution: None
Name: 香港卫视, URL: http://zhibo.hkstv.tv:80/livestream/mutfysrq.flv, IPv_Type: ipv4, Location: 中国-福建-厦门, ISP: 移动, Date: None, Delay: -1 ms, Speed: 0.00 M/s, Resolution: None
Name: 香港卫视, URL: http://zhibo.hkstv.tv/livestream/mutfysrq.flv#http://stream.qhbtv.com/adws/sd/live.m3u8, IPv_Type: ipv4, Location: 中国-福建-厦门, ISP: 移动, Date: None, Delay: -1 ms, Speed: 0.00 M/s, Resolution: None
Name: 香港卫视, URL: http://zhibo.hkstv.tv/livestream/mutfysrq/playlist.m3u8?wsSession=8ee59707fee3ef96c922e680-167055218938751&wsIPSercert=d24f6d7c9d3646d9533d492d5209384b&wsMonitor=0, IPv_Type: ipv4, Location: 中国-福建-厦门, ISP: 移动, Date: None, Delay: -1 ms, Speed: 0.00 M/s, Resolution: None
Name: 香港卫视, URL: http://zhibo.hkstv.tv/livestream/mutfysrq/playlist.m3u8?wsSession=e5b4ef626c5980be2fbdf2e7-158332927312639, IPv_Type: ipv4, Location: 中国-福建-厦门, ISP: 移动, Date: None, Delay: -1 ms, Speed: 0.00 M/s, Resolution: None
Name: 香港卫视, URL: http://zhibo.hkstv.tv/livestream/mutfysrq/playlist.m3u8?wsSession=3c732f93c14e1bc0c07641df-156388849014752&wsIPSercert=8de23d0849e78e3b16ec92a809235421&wsMonitor=0, IPv_Type: ipv4, Location: 中国-福建-厦门, ISP: 移动, Date: None, Delay: -1 ms, Speed: 0.00 M/s, Resolution: None
Name: 香港卫视, URL: http://zhibo.hkstv.tv/livestream/mutfysrq/playlist.m3u8?wsSession=e5b4ef626c5980be2fbdf2e7-158332927312639&wsIPSercert=6f8d45434604e7d22f5b0abbc0231d01&wsMonitor=0, IPv_Type: ipv4, Location: 中国-福建-厦门, ISP: 移动, Date: None, Delay: -1 ms, Speed: 0.00 M/s, Resolution: None
Name: 香港卫视, URL: http://zhibo.hkstv.tv/livestream/mutfysrq/playlist.m3u8?wsSession=3c732f93c14e1bc0c07641df-156388849014752&amp;wsIPSercert=8de23d0849e78e3b16ec92a809235421&amp;wsMonitor=0, IPv_Type: ipv4, Location: 中国-福建-厦门, ISP: 移动, Date: None, Delay: -1 ms, Speed: 0.00 M/s, Resolution: None
Name: 香港卫视, URL: http://zhibo.hkstv.tv/livestream/mutfysrq/playlist.m3u8?wsSession=3c732f93c14e1bc0c07641df-156388849014752&amp;amp;amp;wsIPSercert=8de23d0849e78e3b16ec92a809235421&amp;amp;amp;wsMonitor=0, IPv_Type: ipv4, Location: 中国-福建-厦门, ISP: 移动, Date: None, Delay: -1 ms, Speed: 0.00 M/s, Resolution: None
Name: 浙江卫视, URL: http://otttv.bj.chinamobile.com/PLTV/88888888/224/3221226899/1.m3u8?GuardEncType=2&accountinfo=%7E%7EV2.0%7ETYfTgTra_pUx2cPrgZ_BDw%7EtP4-l0lmSfjwLWEfK_el1vH_mv-s1zo4AQJwdedaVwG9xkuFTDg8J26cwOrNJzn20BErrHdLhuZ9EzLUCD3PMW-OMx4MGteHV2vLeW6BqoY%2CEND, IPv_Type: ipv4, Location: 中国-北京-北京, ISP: 移动, Date: None, Delay: -1 ms, Speed: 0.00 M/s, Resolution: None
Name: 浙江卫视, URL: http://ali-m-l.cztv.com/channels/lantian/channel01/1080p.m3u8, IPv_Type: ipv4, Location: 中国-广东-广州, ISP: 移动, Date: None, Delay: 645 ms, Speed: 1.11 M/s, Resolution: 1920x1080
Name: 浙江卫视, URL: http://ottrrs.hl.chinamobile.com/PLTV/88888888/224/3221226339/index.m3u8#http://ottrrs.hl.chinamobile.com/PLTV/88888888/224/3221225612/index.m3u8, IPv_Type: ipv4, Location: 中国-黑龙江, ISP: 移动, Date: None, Delay: 227 ms, Speed: 0.00 M/s, Resolution: None
Name: 北京卫视, URL: http://otttv.bj.chinamobile.com/PLTV/88888888/224/3221226900/1.m3u8?GuardEncType=2&accountinfo=%7E%7EV2.0%7EcYPi33WFyhvd6SjmqUKhJg%7EtP4-l0lmSfjwLWEfK_el1vH_mv-s1zo4AQJwdedaVwG9xkuFTDg8J26cwOrNJzn20BErrHdLhuZ9EzLUCD3PMW-OMx4MGteHV2vLeW6BqoY%2CEND, IPv_Type: ipv4, Location: 中国-北京-北京, ISP: 移动, Date: None, Delay: -1 ms, Speed: 0.00 M/s, Resolution: None
Name: 北京卫视, URL: http://ottrrs.hl.chinamobile.com/PLTV/88888888/224/3221225728/index.m3u8#http://ottrrs.hl.chinamobile.com/PLTV/88888888/224/3221226450/index.m3u8, IPv_Type: ipv4, Location: 中国-黑龙江, ISP: 移动, Date: None, Delay: 286 ms, Speed: 0.00 M/s, Resolution: None
Name: 湖北卫视, URL: http://otttv.bj.chinamobile.com/PLTV/88888888/224/3221226952/1.m3u8?GuardEncType=2&accountinfo=%7E%7EV2.0%7EREB40lnZnCEwjRy7LZuhIQ%7EtP4-l0lmSfjwLWEfK_el1vH_mv-s1zo4AQJwdedaVwG9xkuFTDg8J26cwOrNJzn20BErrHdLhuZ9EzLUCD3PMW-OMx4MGteHV2vLeW6BqoY%2CEND, IPv_Type: ipv4, Location: 中国-北京-北京, ISP: 移动, Date: None, Delay: -1 ms, Speed: 0.00 M/s, Resolution: None
Name: 黑龙江卫视, URL: http://otttv.bj.chinamobile.com/PLTV/88888888/224/3221226965/1.m3u8?GuardEncType=2&accountinfo=%7E%7EV2.0%7E7UiKL56-L86ihmTWaZ6csw%7EtP4-l0lmSfjwLWEfK_el1vH_mv-s1zo4AQJwdedaVwG9xkuFTDg8J26cwOrNJzn20BErrHdLhuZ9EzLUCD3PMW-OMx4MGteHV2vLeW6BqoY%2CEND, IPv_Type: ipv4, Location: 中国-北京-北京, ISP: 移动, Date: None, Delay: -1 ms, Speed: 0.00 M/s, Resolution: None
Name: 安徽卫视, URL: http://otttv.bj.chinamobile.com/PLTV/88888888/224/3221226943/1.m3u8?GuardEncType=2&accountinfo=%7E%7EV2.0%7E0QmKQ_slRCwvVVUUfxPVbw%7EtP4-l0lmSfjwLWEfK_el1vH_mv-s1zo4AQJwdedaVwG9xkuFTDg8J26cwOrNJzn20BErrHdLhuZ9EzLUCD3PMW-OMx4MGteHV2vLeW6BqoY%2CEND, IPv_Type: ipv4, Location: 中国-北京-北京, ISP: 移动, Date: None, Delay: -1 ms, Speed: 0.00 M/s, Resolution: None
Name: 重庆卫视, URL: http://otttv.bj.chinamobile.com/PLTV/88888888/224/3221226963/1.m3u8?GuardEncType=2&accountinfo=%7E%7EV2.0%7EjTXsJprEx2nE38tdvu5lhA%7EtP4-l0lmSfjwLWEfK_el1vH_mv-s1zo4AQJwdedaVwG9xkuFTDg8J26cwOrNJzn20BErrHdLhuZ9EzLUCD3PMW-OMx4MGteHV2vLeW6BqoY%2CEND, IPv_Type: ipv4, Location: 中国-北京-北京, ISP: 移动, Date: None, Delay: -1 ms, Speed: 0.00 M/s, Resolution: None
Name: 东方卫视, URL: http://otttv.bj.chinamobile.com/PLTV/88888888/224/3221226898/1.m3u8?GuardEncType=2&accountinfo=%7E%7EV2.0%7E0uh4lyjjBCCN7TCq21vSIQ%7EtP4-l0lmSfjwLWEfK_el1vH_mv-s1zo4AQJwdedaVwG9xkuFTDg8J26cwOrNJzn20BErrHdLhuZ9EzLUCD3PMW-OMx4MGteHV2vLeW6BqoY%2CEND, IPv_Type: ipv4, Location: 中国-北京-北京, ISP: 移动, Date: None, Delay: -1 ms, Speed: 0.00 M/s, Resolution: None
Name: 东南卫视, URL: http://otttv.bj.chinamobile.com/PLTV/88888888/224/3221226991/1.m3u8?GuardEncType=2&accountinfo=%7E%7EV2.0%7EQ6F5Mjgs0tJyEArWFL3vQA%7EtP4-l0lmSfjwLWEfK_el1vH_mv-s1zo4AQJwdedaVwG9xkuFTDg8J26cwOrNJzn20BErrHdLhuZ9EzLUCD3PMW-OMx4MGteHV2vLeW6BqoY%2CEND, IPv_Type: ipv4, Location: 中国-北京-北京, ISP: 移动, Date: None, Delay: -1 ms, Speed: 0.00 M/s, Resolution: None
Name: 甘肃卫视, URL: http://otttv.bj.chinamobile.com/PLTV/88888888/224/3221227003/1.m3u8?GuardEncType=2&accountinfo=%7E%7EV2.0%7ESco1zinvdUYzleEkXYhIvA%7EtP4-l0lmSfjwLWEfK_el1vH_mv-s1zo4AQJwdedaVwG9xkuFTDg8J26cwOrNJzn20BErrHdLhuZ9EzLUCD3PMW-OMx4MGteHV2vLeW6BqoY%2CEND, IPv_Type: ipv4, Location: 中国-北京-北京, ISP: 移动, Date: None, Delay: -1 ms, Speed: 0.00 M/s, Resolution: None
Name: 甘肃卫视, URL: http://kkk.jjjj.jiduo.me/api.php?n=tttt&id=ec76e3&tk=6949f8ce7202, IPv_Type: ipv4, Location: 捷克, ISP: , Date: None, Delay: 368 ms, Speed: 0.27 M/s, Resolution: None
Name: 广西卫视, URL: http://otttv.bj.chinamobile.com/PLTV/88888888/224/3221227010/1.m3u8?GuardEncType=2&accountinfo=%7E%7EV2.0%7EkAhb-89sxdm9fz6-heXCuw%7EtP4-l0lmSfjwLWEfK_el1vH_mv-s1zo4AQJwdedaVwG9xkuFTDg8J26cwOrNJzn20BErrHdLhuZ9EzLUCD3PMW-OMx4MGteHV2vLeW6BqoY%2CEND, IPv_Type: ipv4, Location: 中国-北京-北京, ISP: 移动, Date: None, Delay: -1 ms, Speed: 0.00 M/s, Resolution: None
Name: 广西卫视, URL: http://live.cztv.cc:85/live/ggpd.m3u8, IPv_Type: ipv4, Location: 中国-安徽-合肥, ISP: 移动, Date: None, Delay: 73 ms, Speed: 0.00 M/s, Resolution: 1920x1080
Name: 贵州卫视, URL: http://otttv.bj.chinamobile.com/PLTV/88888888/224/3221227012/1.m3u8?GuardEncType=2&accountinfo=%7E%7EV2.0%7EnqBF03rFwPucF8ODtWxLQQ%7EtP4-l0lmSfjwLWEfK_el1vH_mv-s1zo4AQJwdedaVwG9xkuFTDg8J26cwOrNJzn20BErrHdLhuZ9EzLUCD3PMW-OMx4MGteHV2vLeW6BqoY%2CEND, IPv_Type: ipv4, Location: 中国-北京-北京, ISP: 移动, Date: None, Delay: -1 ms, Speed: 0.00 M/s, Resolution: None
Name: 贵州卫视, URL: http://kkk.jjjj.jiduo.me/api.php?n=tttt&id=e747fb&tk=6949f8ce7202, IPv_Type: ipv4, Location: 捷克, ISP: , Date: None, Delay: 351 ms, Speed: 0.42 M/s, Resolution: 1920x1080
Name: 海南卫视, URL: http://otttv.bj.chinamobile.com/PLTV/88888888/224/3221227029/1.m3u8?GuardEncType=2&accountinfo=%7E%7EV2.0%7EEuBMjt2kLMD8fAO7QYER7Q%7EtP4-l0lmSfjwLWEfK_el1vH_mv-s1zo4AQJwdedaVwG9xkuFTDg8J26cwOrNJzn20BErrHdLhuZ9EzLUCD3PMW-OMx4MGteHV2vLeW6BqoY%2CEND, IPv_Type: ipv4, Location: 中国-北京-北京, ISP: 移动, Date: None, Delay: -1 ms, Speed: 0.00 M/s, Resolution: None
Name: 河北卫视, URL: http://otttv.bj.chinamobile.com/PLTV/88888888/224/3221227014/1.m3u8?GuardEncType=2&accountinfo=%7E%7EV2.0%7ErSGjhI3DMaaAASPrbQJYTg%7EtP4-l0lmSfjwLWEfK_el1vH_mv-s1zo4AQJwdedaVwG9xkuFTDg8J26cwOrNJzn20BErrHdLhuZ9EzLUCD3PMW-OMx4MGteHV2vLeW6BqoY%2CEND, IPv_Type: ipv4, Location: 中国-北京-北京, ISP: 移动, Date: None, Delay: -1 ms, Speed: 0.00 M/s, Resolution: None
Name: 吉林卫视, URL: http://otttv.bj.chinamobile.com/PLTV/88888888/224/3221227015/1.m3u8?GuardEncType=2&accountinfo=%7E%7EV2.0%7EW5-3AVdwD5KlUpuA4mz7Cg%7EtP4-l0lmSfjwLWEfK_el1vH_mv-s1zo4AQJwdedaVwG9xkuFTDg8J26cwOrNJzn20BErrHdLhuZ9EzLUCD3PMW-OMx4MGteHV2vLeW6BqoY%2CEND, IPv_Type: ipv4, Location: 中国-北京-北京, ISP: 移动, Date: None, Delay: -1 ms, Speed: 0.00 M/s, Resolution: None
Name: 吉林卫视, URL: http://kkk.jjjj.jiduo.me/api.php?n=tttt&id=4cbc8f&tk=6949f8ce7202, IPv_Type: ipv4, Location: 捷克, ISP: , Date: None, Delay: 352 ms, Speed: 0.72 M/s, Resolution: None
Name: 江苏卫视, URL: http://otttv.bj.chinamobile.com/PLTV/88888888/224/3221226897/1.m3u8?GuardEncType=2&accountinfo=%7E%7EV2.0%7E0BmO6uHF7WFoTed__Xr3NQ%7EtP4-l0lmSfjwLWEfK_el1vH_mv-s1zo4AQJwdedaVwG9xkuFTDg8J26cwOrNJzn20BErrHdLhuZ9EzLUCD3PMW-OMx4MGteHV2vLeW6BqoY%2CEND, IPv_Type: ipv4, Location: 中国-北京-北京, ISP: 移动, Date: None, Delay: -1 ms, Speed: 0.00 M/s, Resolution: None
Name: 江苏卫视, URL: https://txmov2.a.kwimgs.com/upic/2023/02/07/12/BMjAyMzAyMDcxMjQ3NDlfNzM5MzQzNzIyXzk1NjcxMTk5ODM5XzBfMw==_b_Bb92095c7df3c98b458dd14abf1d4b575.mp4#rtsp://124.152.124.50/PLTV/88888910/224/3221225569/10000100000000060000000000107349_0.smil, IPv_Type: ipv4, Location: 中国-福建-厦门, ISP: 移动, Date: None, Delay: 915 ms, Speed: 0.20 M/s, Resolution: None
Name: 江苏卫视, URL: http://ottrrs.hl.chinamobile.com/PLTV/88888888/224/3221226310/index.m3u8#http://ottrrs.hl.chinamobile.com/PLTV/88888888/224/3221225613/index.m3u8, IPv_Type: ipv4, Location: 中国-黑龙江, ISP: 移动, Date: None, Delay: 389 ms, Speed: 0.00 M/s, Resolution: None
Name: 江西卫视, URL: http://otttv.bj.chinamobile.com/PLTV/88888888/224/3221226956/1.m3u8?GuardEncType=2&accountinfo=%7E%7EV2.0%7Ei6ZIpVizXlewg-YfGvH8dA%7EtP4-l0lmSfjwLWEfK_el1vH_mv-s1zo4AQJwdedaVwG9xkuFTDg8J26cwOrNJzn20BErrHdLhuZ9EzLUCD3PMW-OMx4MGteHV2vLeW6BqoY%2CEND, IPv_Type: ipv4, Location: 中国-北京-北京, ISP: 移动, Date: None, Delay: -1 ms, Speed: 0.00 M/s, Resolution: None
Name: 辽宁卫视, URL: http://otttv.bj.chinamobile.com/PLTV/88888888/224/3221226966/1.m3u8?GuardEncType=2&accountinfo=%7E%7EV2.0%7E6qJH8Fd-zgCGx3P-Ce86cA%7EtP4-l0lmSfjwLWEfK_el1vH_mv-s1zo4AQJwdedaVwG9xkuFTDg8J26cwOrNJzn20BErrHdLhuZ9EzLUCD3PMW-OMx4MGteHV2vLeW6BqoY%2CEND, IPv_Type: ipv4, Location: 中国-北京-北京, ISP: 移动, Date: None, Delay: -1 ms, Speed: 0.00 M/s, Resolution: None
Name: 内蒙古卫视, URL: http://otttv.bj.chinamobile.com/PLTV/88888888/224/3221227018/1.m3u8?GuardEncType=2&accountinfo=%7E%7EV2.0%7ErN_hoRDwApMKnJqiNHvn9w%7EtP4-l0lmSfjwLWEfK_el1vH_mv-s1zo4AQJwdedaVwG9xkuFTDg8J26cwOrNJzn20BErrHdLhuZ9EzLUCD3PMW-OMx4MGteHV2vLeW6BqoY%2CEND, IPv_Type: ipv4, Location: 中国-北京-北京, ISP: 移动, Date: None, Delay: -1 ms, Speed: 0.00 M/s, Resolution: None
Name: 内蒙古卫视, URL: http://ottrrs.hl.chinamobile.com/PLTV/88888888/224/3221226389/index.m3u8#http://ottrrs.hl.chinamobile.com/PLTV/88888888/224/3221225634/index.m3u8, IPv_Type: ipv4, Location: 中国-黑龙江, ISP: 移动, Date: None, Delay: 627 ms, Speed: 0.00 M/s, Resolution: None
Name: 宁夏卫视, URL: http://otttv.bj.chinamobile.com/PLTV/88888888/224/3221227020/1.m3u8?GuardEncType=2&accountinfo=%7E%7EV2.0%7Err-CLugPnTcUinEM8JeySg%7EtP4-l0lmSfjwLWEfK_el1vH_mv-s1zo4AQJwdedaVwG9xkuFTDg8J26cwOrNJzn20BErrHdLhuZ9EzLUCD3PMW-OMx4MGteHV2vLeW6BqoY%2CEND, IPv_Type: ipv4, Location: 中国-北京-北京, ISP: 移动, Date: None, Delay: -1 ms, Speed: 0.00 M/s, Resolution: None
Name: 宁夏卫视, URL: http://ottrrs.hl.chinamobile.com/PLTV/88888888/224/3221226454/index.m3u8#http://ottrrs.hl.chinamobile.com/PLTV/88888888/224/3221225632/index.m3u8, IPv_Type: ipv4, Location: 中国-黑龙江, ISP: 移动, Date: None, Delay: 487 ms, Speed: 0.00 M/s, Resolution: None
Name: 青海卫视, URL: http://otttv.bj.chinamobile.com/PLTV/88888888/224/3221227017/1.m3u8?GuardEncType=2&accountinfo=%7E%7EV2.0%7EacviHy_ucMT27Ymf2iLtZA%7EtP4-l0lmSfjwLWEfK_el1vH_mv-s1zo4AQJwdedaVwG9xkuFTDg8J26cwOrNJzn20BErrHdLhuZ9EzLUCD3PMW-OMx4MGteHV2vLeW6BqoY%2CEND, IPv_Type: ipv4, Location: 中国-北京-北京, ISP: 移动, Date: None, Delay: -1 ms, Speed: 0.00 M/s, Resolution: None
Name: 青海卫视, URL: http://ottrrs.hl.chinamobile.com/PLTV/88888888/224/3221226323/index.m3u8#http://ottrrs.hl.chinamobile.com/PLTV/88888888/224/3221225628/index.m3u8, IPv_Type: ipv4, Location: 中国-黑龙江, ISP: 移动, Date: None, Delay: 478 ms, Speed: 0.00 M/s, Resolution: None
Name: 山东卫视, URL: http://otttv.bj.chinamobile.com/PLTV/88888888/224/3221226957/1.m3u8?GuardEncType=2&accountinfo=%7E%7EV2.0%7EjW26v5VaHGy1jQuIA-4EbA%7EtP4-l0lmSfjwLWEfK_el1vH_mv-s1zo4AQJwdedaVwG9xkuFTDg8J26cwOrNJzn20BErrHdLhuZ9EzLUCD3PMW-OMx4MGteHV2vLeW6BqoY%2CEND, IPv_Type: ipv4, Location: 中国-北京-北京, ISP: 移动, Date: None, Delay: -1 ms, Speed: 0.00 M/s, Resolution: None
Name: 山东卫视, URL: http://kkk.jjjj.jiduo.me/api.php?n=tttt&id=1c197d&tk=6949f8ce7202, IPv_Type: ipv4, Location: 捷克, ISP: , Date: None, Delay: 263 ms, Speed: 0.28 M/s, Resolution: 1920x1080
Name: 山西卫视, URL: http://otttv.bj.chinamobile.com/PLTV/88888888/224/3221227016/1.m3u8?GuardEncType=2&accountinfo=%7E%7EV2.0%7ESb5Qr3NTpE2ZugIroKoyTw%7EtP4-l0lmSfjwLWEfK_el1vH_mv-s1zo4AQJwdedaVwG9xkuFTDg8J26cwOrNJzn20BErrHdLhuZ9EzLUCD3PMW-OMx4MGteHV2vLeW6BqoY%2CEND, IPv_Type: ipv4, Location: 中国-北京-北京, ISP: 移动, Date: None, Delay: -1 ms, Speed: 0.00 M/s, Resolution: None
Name: 陕西卫视, URL: http://otttv.bj.chinamobile.com/PLTV/88888888/224/3221226999/1.m3u8?GuardEncType=2&accountinfo=%7E%7EV2.0%7EsGLKaSqf0wDZMbAjeQtfyw%7EtP4-l0lmSfjwLWEfK_el1vH_mv-s1zo4AQJwdedaVwG9xkuFTDg8J26cwOrNJzn20BErrHdLhuZ9EzLUCD3PMW-OMx4MGteHV2vLeW6BqoY%2CEND, IPv_Type: ipv4, Location: 中国-北京-北京, ISP: 移动, Date: None, Delay: -1 ms, Speed: 0.00 M/s, Resolution: None
Name: 四川卫视, URL: http://otttv.bj.chinamobile.com/PLTV/88888888/224/3221226995/1.m3u8?GuardEncType=2&accountinfo=%7E%7EV2.0%7EBQiz3wrGrpG0CUSRIJ-7Jg%7EtP4-l0lmSfjwLWEfK_el1vH_mv-s1zo4AQJwdedaVwG9xkuFTDg8J26cwOrNJzn20BErrHdLhuZ9EzLUCD3PMW-OMx4MGteHV2vLeW6BqoY%2CEND, IPv_Type: ipv4, Location: 中国-北京-北京, ISP: 移动, Date: None, Delay: -1 ms, Speed: 0.00 M/s, Resolution: None
Name: 深圳卫视, URL: http://otttv.bj.chinamobile.com/PLTV/88888888/224/3221226959/1.m3u8?GuardEncType=2&accountinfo=%7E%7EV2.0%7EGrVNEZREjuNVKiTJo2mtwg%7EtP4-l0lmSfjwLWEfK_el1vH_mv-s1zo4AQJwdedaVwG9xkuFTDg8J26cwOrNJzn20BErrHdLhuZ9EzLUCD3PMW-OMx4MGteHV2vLeW6BqoY%2CEND, IPv_Type: ipv4, Location: 中国-北京-北京, ISP: 移动, Date: None, Delay: -1 ms, Speed: 0.00 M/s, Resolution: None
Name: 深圳卫视, URL: http://ottrrs.hl.chinamobile.com/PLTV/88888888/224/3221225739/index.m3u8#http://ottrrs.hl.chinamobile.com/PLTV/88888888/224/3221226313/index.m3u8, IPv_Type: ipv4, Location: 中国-黑龙江, ISP: 移动, Date: None, Delay: 311 ms, Speed: 0.00 M/s, Resolution: None
Name: 天津卫视, URL: http://otttv.bj.chinamobile.com/PLTV/88888888/224/3221226954/1.m3u8?GuardEncType=2&accountinfo=%7E%7EV2.0%7Eaf3wyULP1h575eM_4ByMDg%7EtP4-l0lmSfjwLWEfK_el1vH_mv-s1zo4AQJwdedaVwG9xkuFTDg8J26cwOrNJzn20BErrHdLhuZ9EzLUCD3PMW-OMx4MGteHV2vLeW6BqoY%2CEND, IPv_Type: ipv4, Location: 中国-北京-北京, ISP: 移动, Date: None, Delay: -1 ms, Speed: 0.00 M/s, Resolution: None
Name: 天津卫视, URL: http://ottrrs.hl.chinamobile.com/PLTV/88888888/224/3221225740/index.m3u8#http://ottrrs.hl.chinamobile.com/PLTV/88888888/224/3221226459/index.m3u8, IPv_Type: ipv4, Location: 中国-黑龙江, ISP: 移动, Date: None, Delay: 217 ms, Speed: 0.00 M/s, Resolution: None
Name: 西藏卫视, URL: http://otttv.bj.chinamobile.com/PLTV/88888888/224/3221227033/1.m3u8?GuardEncType=2&accountinfo=%7E%7EV2.0%7EdeTB7OZ9G_VNJk5C3t96fQ%7EtP4-l0lmSfjwLWEfK_el1vH_mv-s1zo4AQJwdedaVwG9xkuFTDg8J26cwOrNJzn20BErrHdLhuZ9EzLUCD3PMW-OMx4MGteHV2vLeW6BqoY%2CEND, IPv_Type: ipv4, Location: 中国-北京-北京, ISP: 移动, Date: None, Delay: -1 ms, Speed: 0.00 M/s, Resolution: None
Name: 新疆卫视, URL: http://otttv.bj.chinamobile.com/PLTV/88888888/224/3221227011/1.m3u8?GuardEncType=2&accountinfo=%7E%7EV2.0%7ExAUu61iVvo_xYbANWJhgXw%7EtP4-l0lmSfjwLWEfK_el1vH_mv-s1zo4AQJwdedaVwG9xkuFTDg8J26cwOrNJzn20BErrHdLhuZ9EzLUCD3PMW-OMx4MGteHV2vLeW6BqoY%2CEND, IPv_Type: ipv4, Location: 中国-北京-北京, ISP: 移动, Date: None, Delay: -1 ms, Speed: 0.00 M/s, Resolution: None
Name: 云南卫视, URL: http://otttv.bj.chinamobile.com/PLTV/88888888/224/3221227028/1.m3u8?GuardEncType=2&accountinfo=%7E%7EV2.0%7EGfQPqRNVeBjTMsZ48qu0SA%7EtP4-l0lmSfjwLWEfK_el1vH_mv-s1zo4AQJwdedaVwG9xkuFTDg8J26cwOrNJzn20BErrHdLhuZ9EzLUCD3PMW-OMx4MGteHV2vLeW6BqoY%2CEND, IPv_Type: ipv4, Location: 中国-北京-北京, ISP: 移动, Date: None, Delay: -1 ms, Speed: 0.00 M/s, Resolution: None
Name: 浙江生活, URL: http://ls.qingting.fm/live/1099.m3u8, IPv_Type: ipv4, Location: 中国-广东, ISP: 移动, Date: None, Delay: 401 ms, Speed: 0.22 M/s, Resolution: None
Name: 浙江少儿, URL: http://kkk.jjjj.jiduo.me/api.php?n=tttt&id=a8150b&tk=6949f8ce7202, IPv_Type: ipv4, Location: 捷克, ISP: , Date: None, Delay: 3104 ms, Speed: 0.59 M/s, Resolution: 1920x1080
Name: 浙江国际, URL: http://ali-m-l.cztv.com/channels/lantian/channel010/1080p.m3u8?zzhed, IPv_Type: ipv4, Location: 中国-广东-广州, ISP: 移动, Date: None, Delay: 3243 ms, Speed: 0.69 M/s, Resolution: 1920x1080
Name: 凤凰中文, URL: http://playtv-live.ifeng.com/live/06OLEGEGM4G_audio.m3u8, IPv_Type: ipv4, Location: 中国-广东-深圳, ISP: 移动, Date: None, Delay: 1547 ms, Speed: 0.05 M/s, Resolution: None
Name: 凤凰资讯, URL: http://playtv-live.ifeng.com/live/06OLEEWQKN4_audio.m3u8, IPv_Type: ipv4, Location: 中国-广东-深圳, ISP: 移动, Date: None, Delay: 1030 ms, Speed: 0.07 M/s, Resolution: None
Name: 凤凰香港, URL: https://zhibo.hkstv.tv/livestream/mutfysrq/playlist.m3u8?wsSession=e5b4ef626c5980be2fbdf2e7-158332927312639&amp;amp;wsIPSercert=6f8d45434604e7d22f5b0abbc0231d01&amp;amp;wsMonitor=0, IPv_Type: ipv4, Location: 中国-福建-厦门, ISP: 移动, Date: None, Delay: -1 ms, Speed: 0.00 M/s, Resolution: None
Name: 凤凰香港, URL: http://zhibo.hkstv.tv/livestream/mutfysrq/playlist.m3u8?wsSession=e5b4ef626c5980be2fbdf2e7-158332927312639&amp;wsIPSercert=6f8d45434604e7d22f5b0abbc0231d01&amp;wsMonitor=0, IPv_Type: ipv4, Location: 中国-福建-厦门, ISP: 移动, Date: None, Delay: -1 ms, Speed: 0.00 M/s, Resolution: None
Name: 凤凰卫视, URL: http://zhibo.hkstv.tv/livestream/mutfysrq/playlist.m3u8?wsSession=3c732f93c14e1bc0c07641df-156388849014752&amp;wsIPSercert=8de23d0849e78e3b16ec92a2092354, IPv_Type: ipv4, Location: 中国-福建-厦门, ISP: 移动, Date: None, Delay: -1 ms, Speed: 0.00 M/s, Resolution: None
Name: 香港卫视, URL: rtmp://zhibo.hkstv.tv/livestream/mutfysrq, IPv_Type: ipv4, Location: 中国-福建-厦门, ISP: 移动, Date: None, Delay: -1 ms, Speed: 0.00 M/s, Resolution: None
Name: 香港卫视, URL: https://zhibo.hkstv.tv/livestream/mutfysrq/playlist.m3u8, IPv_Type: ipv4, Location: 中国-福建-厦门, ISP: 移动, Date: None, Delay: -1 ms, Speed: 0.00 M/s, Resolution: None
Name: 香港卫视, URL: http://zhibo.hkstv.tv/livestream/mutfysrq.flv, IPv_Type: ipv4, Location: 中国-福建-厦门, ISP: 移动, Date: None, Delay: -1 ms, Speed: 0.00 M/s, Resolution: None
Name: 香港卫视, URL: http://zhibo.hkstv.tv:80/livestream/mutfysrq.flv, IPv_Type: ipv4, Location: 中国-福建-厦门, ISP: 移动, Date: None, Delay: -1 ms, Speed: 0.00 M/s, Resolution: None
Name: 香港卫视, URL: http://zhibo.hkstv.tv/livestream/mutfysrq.flv#http://stream.qhbtv.com/adws/sd/live.m3u8, IPv_Type: ipv4, Location: 中国-福建-厦门, ISP: 移动, Date: None, Delay: -1 ms, Speed: 0.00 M/s, Resolution: None
Name: 香港卫视, URL: http://zhibo.hkstv.tv/livestream/mutfysrq/playlist.m3u8?wsSession=8ee59707fee3ef96c922e680-167055218938751&wsIPSercert=d24f6d7c9d3646d9533d492d5209384b&wsMonitor=0, IPv_Type: ipv4, Location: 中国-福建-厦门, ISP: 移动, Date: None, Delay: -1 ms, Speed: 0.00 M/s, Resolution: None
Name: 香港卫视, URL: http://zhibo.hkstv.tv/livestream/mutfysrq/playlist.m3u8?wsSession=e5b4ef626c5980be2fbdf2e7-158332927312639, IPv_Type: ipv4, Location: 中国-福建-厦门, ISP: 移动, Date: None, Delay: -1 ms, Speed: 0.00 M/s, Resolution: None
Name: 香港卫视, URL: http://zhibo.hkstv.tv/livestream/mutfysrq/playlist.m3u8?wsSession=3c732f93c14e1bc0c07641df-156388849014752&wsIPSercert=8de23d0849e78e3b16ec92a809235421&wsMonitor=0, IPv_Type: ipv4, Location: 中国-福建-厦门, ISP: 移动, Date: None, Delay: -1 ms, Speed: 0.00 M/s, Resolution: None
Name: 香港卫视, URL: http://zhibo.hkstv.tv/livestream/mutfysrq/playlist.m3u8?wsSession=e5b4ef626c5980be2fbdf2e7-158332927312639&wsIPSercert=6f8d45434604e7d22f5b0abbc0231d01&wsMonitor=0, IPv_Type: ipv4, Location: 中国-福建-厦门, ISP: 移动, Date: None, Delay: -1 ms, Speed: 0.00 M/s, Resolution: None
Name: 香港卫视, URL: http://zhibo.hkstv.tv/livestream/mutfysrq/playlist.m3u8?wsSession=3c732f93c14e1bc0c07641df-156388849014752&amp;wsIPSercert=8de23d0849e78e3b16ec92a809235421&amp;wsMonitor=0, IPv_Type: ipv4, Location: 中国-福建-厦门, ISP: 移动, Date: None, Delay: -1 ms, Speed: 0.00 M/s, Resolution: None
Name: 香港卫视, URL: http://zhibo.hkstv.tv/livestream/mutfysrq/playlist.m3u8?wsSession=3c732f93c14e1bc0c07641df-156388849014752&amp;amp;amp;wsIPSercert=8de23d0849e78e3b16ec92a809235421&amp;amp;amp;wsMonitor=0, IPv_Type: ipv4, Location: 中国-福建-厦门, ISP: 移动, Date: None, Delay: -1 ms, Speed: 0.00 M/s, Resolution: None
Name: 三明新闻综合, URL: http://ls.qingting.fm/live/4885.m3u8, IPv_Type: ipv4, Location: 中国-广东, ISP: 移动, Date: None, Delay: 779 ms, Speed: 0.08 M/s, Resolution: None
Name: 福建新闻, URL: http://live.xmcdn.com/live/792/64.m3u8, IPv_Type: ipv4, Location: 中国-浙江, ISP: 移动, Date: None, Delay: 1587 ms, Speed: 0.03 M/s, Resolution: None
Name: 黑莓电影, URL: http://otttv.bj.chinamobile.com/PLTV/88888888/224/3221226939/1.m3u8?GuardEncType=2&accountinfo=%7E%7EV2.0%7EkBVQL3MtyiM0GGQzuPjqAQ%7EtP4-l0lmSfjwLWEfK_el1vH_mv-s1zo4AQJwdedaVwG9xkuFTDg8J26cwOrNJzn20BErrHdLhuZ9EzLUCD3PMW-OMx4MGteHV2vLeW6BqoY%2CEND, IPv_Type: ipv4, Location: 中国-北京-北京, ISP: 移动, Date: None, Delay: -1 ms, Speed: 0.00 M/s, Resolution: None
Name: 经典电影, URL: http://lxajh.top/tv/douyu.php?id=74374, IPv_Type: ipv4, Location: 中国-香港, ISP: , Date: None, Delay: 1106 ms, Speed: 0.91 M/s, Resolution: 1920x1080
Name: 经典电影, URL: http://kkk.jjjj.jiduo.me/api.php?n=tttt&id=e6a3b5&tk=6949f8ce7202, IPv_Type: ipv4, Location: 捷克, ISP: , Date: None, Delay: 131 ms, Speed: 0.28 M/s, Resolution: None
Name: CCTV-5+, URL: http://otttv.bj.chinamobile.com/PLTV/88888888/224/3221226894/1.m3u8?GuardEncType=2&accountinfo=%7E%7EV2.0%7EevWZ0zmguDsOY_Mf3SM5TA%7EtP4-l0lmSfjwLWEfK_el1vH_mv-s1zo4AQJwdedaVwG9xkuFTDg8J26cwOrNJzn20BErrHdLhuZ9EzLUCD3PMW-OMx4MGteHV2vLeW6BqoY%2CEND, IPv_Type: ipv4, Location: 中国-北京-北京, ISP: 移动, Date: None, Delay: -1 ms, Speed: 0.00 M/s, Resolution: None
Name: 超级体育, URL: http://otttv.bj.chinamobile.com/PLTV/88888888/224/3221226348/1.m3u8?GuardEncType=2&accountinfo=%7E%7EV2.0%7ETVADpDcwLMjKKWF--XtEOg%7EtP4-l0lmSfjwLWEfK_el1vH_mv-s1zo4AQJwdedaVwG9xkuFTDg8J26cwOrNJzn20BErrHdLhuZ9EzLUCD3PMW-OMx4MGteHV2vLeW6BqoY%2CEND, IPv_Type: ipv4, Location: 中国-北京-北京, ISP: 移动, Date: None, Delay: -1 ms, Speed: 0.00 M/s, Resolution: None
Name: 精品体育, URL: http://otttv.bj.chinamobile.com/PLTV/88888888/224/3221226978/1.m3u8?GuardEncType=2&accountinfo=%7E%7EV2.0%7EEZy1Vmu4k2lYOlZCsti1BQ%7EtP4-l0lmSfjwLWEfK_el1vH_mv-s1zo4AQJwdedaVwG9xkuFTDg8J26cwOrNJzn20BErrHdLhuZ9EzLUCD3PMW-OMx4MGteHV2vLeW6BqoY%2CEND, IPv_Type: ipv4, Location: 中国-北京-北京, ISP: 移动, Date: None, Delay: -1 ms, Speed: 0.00 M/s, Resolution: None
Name: 山东体育, URL: http://live.xmcdn.com/live/805/64.m3u8, IPv_Type: ipv4, Location: 中国-浙江, ISP: 移动, Date: None, Delay: 1280 ms, Speed: 0.14 M/s, Resolution: None
Name: 睛彩篮球, URL: http://otttv.bj.chinamobile.com/PLTV/88888888/224/3221226565/1.m3u8?GuardEncType=2&accountinfo=%7E%7EV2.0%7EKXl4MjVH6lXYRTccqcbi4w%7EtP4-l0lmSfjwLWEfK_el1vH_mv-s1zo4AQJwdedaVwG9xkuFTDg8J26cwOrNJzn20BErrHdLhuZ9EzLUCD3PMW-OMx4MGteHV2vLeW6BqoY%2CEND, IPv_Type: ipv4, Location: 中国-北京-北京, ISP: 移动, Date: None, Delay: -1 ms, Speed: 0.00 M/s, Resolution: None
Name: 快乐垂钓, URL: http://kkk.jjjj.jiduo.me/api.php?n=tttt&id=da9440&tk=6949f8ce7202, IPv_Type: ipv4, Location: 捷克, ISP: , Date: None, Delay: 156 ms, Speed: 0.82 M/s, Resolution: 1920x1080
Name: CCTV-15, URL: http://otttv.bj.chinamobile.com/PLTV/88888888/224/3221226333/1.m3u8?GuardEncType=2&accountinfo=%7E%7EV2.0%7EWyklhmFh7oMx-lG1tNUcSQ%7EtP4-l0lmSfjwLWEfK_el1vH_mv-s1zo4AQJwdedaVwG9xkuFTDg8J26cwOrNJzn20BErrHdLhuZ9EzLUCD3PMW-OMx4MGteHV2vLeW6BqoY%2CEND, IPv_Type: ipv4, Location: 中国-北京-北京, ISP: 移动, Date: None, Delay: -1 ms, Speed: 0.00 M/s, Resolution: None
Name: 音乐之声, URL: http://a.live.hnradio.com/yypd/radio120k_yypd.m3u8?auth_key=1588751172-0-0-d97b858279c1c86650172b9913ea4af2, IPv_Type: ipv4, Location: 中国-福建-南平, ISP: 移动, Date: None, Delay: 1157 ms, Speed: 0.20 M/s, Resolution: None
Name: 音乐之声, URL: http://live.xmcdn.com/live/1205/64.m3u8, IPv_Type: ipv4, Location: 中国-浙江, ISP: 移动, Date: None, Delay: 1292 ms, Speed: 0.09 M/s, Resolution: None
Name: 潮流音乐, URL: http://play-radio-stream3.hndt.com/now/Or5au0KN/playlist.m3u8, IPv_Type: ipv4, Location: 中国-福建-厦门, ISP: 移动, Date: None, Delay: 614 ms, Speed: 0.27 M/s, Resolution: None
